    1.3e-40  135.3   0.1    1.1e-21   73.4   0.0    2.2  2  NW_Brin_undilB_c330_-_ORF_1_(frame_1)_translation          circ reverseComp
    1.8e-40  134.9   0.1    1.3e-21   73.2   0.0    2.2  2  NW_Brin_undilB_c330_-_ORF_5_(frame_2)_translation          circ reverseComp
      6e-30  100.4   9.1      5e-14   48.3   0.7    5.3  4  NW_Brin_10A_c395_-_ORF_1_(frame_1)_translation             circ
      6e-30  100.4   9.1      5e-14   48.3   0.7    5.3  4  NW_Brin_10A_c395_-_ORF_2_(frame_3)_translation             circ
    5.2e-29   97.4   9.4    2.8e-15   52.4   3.6    3.6  3  EAF_Colo_pLamb_c272_-_ORF_2_(frame_2)_translation          circ reverseComp
      6e-29   97.2   9.8    2.7e-15   52.5   3.6    3.6  3  EAF_Colo_pLamb_c272_-_ORF_1_(frame_1)_translation          circ reverseComp
      4e-28   94.5   6.8    3.6e-16   55.4   1.6    3.2  3  EAF_Colo_pLamb_c358_-_ORF_3_(frame_1)_translation          circ reverseComp
    2.9e-27   91.6   6.0      5e-19   64.7   0.8    3.7  3  NW_Brin_100B_c317_-_ORF_5_(frame_3)_translation            circ reverseComp
    8.6e-26   86.8  11.2      2e-15   52.9   0.4    4.8  4  NW_Brin_10C_c495_-_ORF_2_(frame_1)_translation             circ reverseComp
    8.6e-26   86.8  11.2      2e-15   52.9   0.4    4.8  4  NW_Brin_10C_c495_-_ORF_4_(frame_3)_translation             circ reverseComp
    1.2e-25   86.4   1.2    2.1e-15   52.8   0.8    3.5  2  ETS_Yu_ecotone539_c157_-_ORF_7_(frame_3)_translation       circ
    1.3e-24   82.9   1.6    4.7e-19   64.8   0.2    3.4  3  ETS_Han_JilinP_c1246_-_ORF_1_(frame_1)_translation         circ
    1.4e-24   82.9   1.6    4.8e-19   64.7   0.2    3.4  3  ETS_Han_JilinP_c1246_-_ORF_3_(frame_1)_translation         circ
    8.2e-24   80.4   5.9    1.2e-13   47.1   0.9    3.3  3  ETS_Han_JilinM_c99_-_ORF_13_(frame_3)_translation          circ
    8.2e-24   80.4   5.9    1.2e-13   47.1   0.9    3.3  3  ETS_Han_JilinM_c99_-_ORF_9_(frame_1)_translation           circ
    8.9e-24   80.2  15.8    4.5e-12   41.9   0.1    4.7  3  ETS_Han_JilinM_c104_-_ORF_5_(frame_1)_translation          circ reverseComp
    8.9e-24   80.2  15.8    4.5e-12   41.9   0.1    4.7  3  ETS_Han_JilinM_c104_-_ORF_6_(frame_2)_translation          circ reverseComp
    8.9e-24   80.2  15.8    4.5e-12   41.9   0.1    4.7  3  ETS_Han_Shandong_c730_-_ORF_5_(frame_1)_translation        circ
    8.9e-24   80.2  15.8    4.5e-12   41.9   0.1    4.7  3  ETS_Han_Shandong_c730_-_ORF_6_(frame_2)_translation        circ
    4.2e-23   78.0   4.6    3.6e-11   39.0   1.1    3.5  2  EAF_Carc_IR2_c1388_-_ORF_4_(frame_3)_translation           circ
    5.1e-23   77.7   0.6      2e-12   43.1   0.1    3.5  3  EAF_Carc_IR2_c90_-_ORF_17_(frame_2)_translation            circ reverseComp
    5.1e-23   77.7   0.6      2e-12   43.1   0.1    3.5  3  EAF_Carc_IR2_c90_-_ORF_19_(frame_3)_translation            circ reverseComp
    9.4e-23   76.9   0.0    1.3e-22   76.5   0.0    1.1  1  ETS_Han_Shandong_c563_-_ORF_5_(frame_1)_translation        circ reverseComp
    1.1e-22   76.7   6.5    9.5e-22   73.6   0.5    2.9  3  ETP_Quai_79VirtouFn0312_c21_-_ORF_3_(frame_2)_translation  circ reverseComp
    1.2e-22   76.6   6.9    9.6e-22   73.6   0.6    2.9  3  ETP_Quai_79VirtouFn0312_c21_-_ORF_1_(frame_1)_translation  circ reverseComp
    1.2e-22   76.6   6.0    1.2e-11   40.5   0.5    3.2  2  ETS_Han_Shandong_c279_-_ORF_4_(frame_2)_translation        circ
    1.2e-22   76.6   6.0    1.2e-11   40.5   0.5    3.2  2  ETS_Han_Shandong_c279_-_ORF_8_(frame_3)_translation        circ
    3.6e-22   75.0   5.0    1.6e-11   40.2   0.1    3.5  3  EAF_Colo_spring_c188_-_ORF_1_(frame_1)_translation         circ
    4.4e-22   74.7   8.8    1.5e-13   46.7   0.9    4.9  4  ETS_Yu_ecotone109_c81_-_ORF_1_(frame_1)_translation        circ reverseComp
    5.3e-22   74.4   0.8    2.5e-11   39.5   0.9    3.5  2  ETS_Yu_ecotone539_c157_-_ORF_5_(frame_2)_translation       circ
    8.1e-22   73.8   9.1    1.9e-13   46.4   1.0    4.8  4  ETS_Yu_ecotone109_c81_-_ORF_7_(frame_2)_translation        circ reverseComp
      2e-21   72.5   7.2    2.8e-12   42.6   0.9    4.8  3  ETS_Yu_ecotone539_c76_-_ORF_1_(frame_1)_translation        circ
      2e-21   72.5   7.2    2.8e-12   42.6   0.9    4.8  3  ETS_Yu_ecotone539_c76_-_ORF_3_(frame_2)_translation        circ
    2.2e-21   72.4   1.0      2e-11   39.8   0.1    3.4  2  ETS_Han_JilinP_c230_-_ORF_10_(frame_3)_translation         circ reverseComp
    7.3e-21   70.7   2.9      6e-13   44.8   0.1    4.0  3  ETS_Han_Shandong_c211_-_ORF_27_(frame_1)_translation       circ
    7.3e-21   70.7   2.9      6e-13   44.8   0.1    4.0  3  ETS_Han_Shandong_c211_-_ORF_37_(frame_3)_translation       circ
    3.3e-20   68.5   1.8    1.6e-10   36.9   0.1    2.5  2  ETS_Han_JilinM_c8_-_ORF_10_(frame_2)_translation           circ
    3.3e-20   68.5   1.8    1.6e-10   36.9   0.1    2.5  2  ETS_Han_JilinM_c8_-_ORF_3_(frame_1)_translation            circ
    7.2e-20   67.5   0.0    1.5e-11   40.2   0.0    2.6  2  EAM_Yise2_SGB_c297_-_ORF_11_(frame_1)_translation          circ reverseComp
    7.2e-20   67.5   0.0    1.5e-11   40.2   0.0    2.6  2  EAM_Yise2_SGB_c297_-_ORF_13_(frame_2)_translation          circ reverseComp
    2.9e-19   65.5  11.5    1.5e-12   43.5   0.5    4.6  4  ETS_Han_Shandong_c565_-_ORF_7_(frame_1)_translation        circ
    2.9e-19   65.5  11.5    1.5e-12   43.5   0.5    4.6  4  ETS_Han_Shandong_c565_-_ORF_8_(frame_3)_translation        circ
      3e-19   65.4   1.0    4.7e-12   41.9   0.1    3.7  4  ETS_Han_Shandong_c185_-_ORF_5_(frame_1)_translation        circ
    6.7e-19   64.3   0.5    3.8e-12   42.2   0.1    3.0  3  ETS_Han_Shandong_c185_-_ORF_1_(frame_1)_translation        circ
    1.1e-18   63.6   0.5    1.3e-13   47.0   0.2    3.3  3  ETS_Han_Shandong_c501_-_ORF_2_(frame_1)_translation        circ reverseComp
    1.1e-18   63.6   0.5    1.3e-13   47.0   0.2    3.3  3  ETS_Han_Shandong_c501_-_ORF_9_(frame_3)_translation        circ reverseComp
    5.6e-18   61.3   1.0    2.5e-17   59.2   0.7    2.1  2  ETS_Yu_ecotone109_c202_-_ORF_6_(frame_3)_translation       circ reverseComp
    6.4e-18   61.1   1.5    1.1e-09   34.2   0.5    2.9  2  EAF_Colo_pLamb_c115_-_ORF_2_(frame_1)_translation          circ reverseComp
    6.4e-18   61.1   1.5    1.1e-09   34.2   0.5    2.9  2  EAF_Colo_pLamb_c115_-_ORF_5_(frame_3)_translation          circ reverseComp
    2.2e-17   59.3   4.5    3.8e-16   55.3   1.3    2.7  2  ETS_Yu_ecotone109_c247_-_ORF_7_(frame_2)_translation       circ
    2.2e-17   59.3   4.5    3.8e-16   55.3   1.3    2.7  2  ETS_Yu_ecotone109_c247_-_ORF_9_(frame_3)_translation       circ
    1.9e-15   53.0   0.5      1e-05   21.1   0.0    4.1  4  ETS_Han_Shandong_c237_-_ORF_20_(frame_1)_translation       circ reverseComp
    1.9e-15   53.0   0.5      1e-05   21.1   0.0    4.1  4  ETS_Han_Shandong_c237_-_ORF_25_(frame_2)_translation       circ reverseComp
    2.5e-15   52.6   3.6    6.1e-14   48.1   0.5    2.8  2  ETS_Han_JilinP_c236_-_ORF_2_(frame_1)_translation          circ
    6.2e-15   51.3   0.0    9.8e-15   50.6   0.0    1.3  1  ETS_Han_JilinP_c1468_-_ORF_1_(frame_1)_translation         circ reverseComp
    1.2e-14   50.3   1.5    1.4e-12   43.6   0.2    2.8  2  ETS_Han_Shandong_c563_-_ORF_6_(frame_2)_translation        circ reverseComp
    1.8e-14   49.8   1.3    1.1e-09   34.2   0.0    3.5  3  EAF_Carc_IR2_c94_-_ORF_21_(frame_2)_translation            circ reverseComp
    1.8e-14   49.8   1.3    1.1e-09   34.2   0.0    3.5  3  EAF_Carc_IR2_c94_-_ORF_26_(frame_3)_translation            circ reverseComp
      7e-13   44.6   1.9    5.3e-12   41.7   0.7    2.7  3  EAF_Carc_IR2_c60_-_ORF_1_(frame_1)_translation             circ reverseComp
    7.5e-13   44.5   1.6      2e-12   43.1   1.6    1.7  1  ETS_Han_Shandong_c596_-_ORF_1_(frame_1)_translation        circ
    8.4e-13   44.3   1.9    5.8e-12   41.6   0.7    2.6  3  EAF_Carc_IR2_c60_-_ORF_9_(frame_3)_translation             circ reverseComp
    1.1e-12   43.9   0.5    6.9e-08   28.2   0.1    2.9  2  ETS_Han_JilinP_c525_-_ORF_2_(frame_1)_translation          circ reverseComp
    1.3e-12   43.6   1.5    3.5e-12   42.3   1.5    1.7  1  ETS_Han_Shandong_c596_-_ORF_2_(frame_1)_translation        circ
    1.7e-12   43.3   0.2    1.4e-08   30.5   0.0    3.0  2  ETS_Han_JilinP_c441_-_ORF_2_(frame_1)_translation          circ reverseComp
    1.7e-12   43.3   0.2    1.4e-08   30.5   0.0    3.0  2  ETS_Han_JilinP_c441_-_ORF_8_(frame_2)_translation          circ reverseComp
    2.4e-12   42.8   6.8    4.2e-09   32.2   0.2    3.5  3  ETS_Han_JilinP_c1378_-_ORF_1_(frame_2)_translation         circ reverseComp
    3.6e-12   42.2   0.0    1.3e-10   37.2   0.0    2.4  1  ETS_Han_JilinP_c236_-_ORF_3_(frame_1)_translation          circ
    2.8e-11   39.3   7.9      2e-09   33.2   0.2    3.3  2  ETS_Han_JilinP_c607_-_ORF_1_(frame_1)_translation          circ
    2.8e-11   39.3   7.9      2e-09   33.2   0.2    3.3  2  ETS_Han_JilinP_c607_-_ORF_2_(frame_2)_translation          circ
    3.6e-11   39.0   0.7    3.8e-10   35.6   0.7    2.1  2  EAF_Colo_Milan_c793_-_ORF_1_(frame_1)_translation          circ reverseComp
    3.6e-11   39.0   0.7    3.8e-10   35.6   0.7    2.1  2  EAF_Colo_Milan_c793_-_ORF_5_(frame_3)_translation          circ reverseComp
    4.5e-11   38.7   0.1    6.5e-11   38.1   0.1    1.2  1  EAF_Carc_IR2_c381_-_ORF_5_(frame_3)_translation            circ
    1.1e-10   37.4   1.0    1.1e-10   37.4   1.0    3.5  2  ETS_Han_JilinP_c227_-_ORF_10_(frame_1)_translation         circ reverseComp
    1.1e-10   37.4   1.0    1.1e-10   37.4   1.0    3.5  2  ETS_Han_JilinP_c227_-_ORF_12_(frame_2)_translation         circ reverseComp
    1.1e-10   37.3   1.4      2e-10   36.5   1.4    1.5  1  EAF_Carc_SvL1_c113_-_ORF_24_(frame_2)_translation          circ
    1.1e-10   37.3   1.4      2e-10   36.5   1.4    1.5  1  EAF_Carc_SvL1_c113_-_ORF_34_(frame_3)_translation          circ
    1.4e-10   37.0   0.3    1.8e-10   36.7   0.3    1.2  1  ETS_Han_JilinP_c284_-_ORF_20_(frame_2)_translation         circ reverseComp
    1.4e-10   37.0   0.3    1.8e-10   36.7   0.3    1.2  1  ETS_Han_JilinP_c284_-_ORF_27_(frame_3)_translation         circ reverseComp
    1.9e-10   36.6   0.0    4.8e-06   22.2   0.0    3.0  2  ETS_Han_JilinP_c166_-_ORF_8_(frame_3)_translation          circ
    4.2e-10   35.5   0.2    4.8e-10   35.3   0.2    1.0  1  ETS_Han_Shandong_c272_-_ORF_5_(frame_2)_translation        circ reverseComp
      6e-10   35.0   0.4    2.9e-06   22.9   0.0    2.8  2  ETS_Han_JilinP_c1336_-_ORF_5_(frame_2)_translation         circ
      6e-10   35.0   0.4    2.9e-06   22.9   0.0    2.8  2  ETS_Han_JilinP_c1336_-_ORF_7_(frame_3)_translation         circ
    7.9e-10   34.6   9.3    7.1e-07   24.9   2.0    5.1  3  EAF_Colo_pLamb_c145_-_ORF_18_(frame_2)_translation         circ
    7.9e-10   34.6   9.3    7.1e-07   24.9   2.0    5.1  3  EAF_Colo_pLamb_c145_-_ORF_27_(frame_3)_translation         circ
    1.1e-09   34.1   0.4    2.1e-08   29.9   0.4    2.1  1  EAF_Carc_IR2_c381_-_ORF_1_(frame_1)_translation            circ
    1.1e-09   34.1   4.0    5.3e-05   18.8   0.3    3.8  4  ETS_Han_JilinM_c17_-_ORF_22_(frame_2)_translation          circ
    1.1e-09   34.1   4.0    5.3e-05   18.8   0.3    3.8  4  ETS_Han_JilinM_c17_-_ORF_26_(frame_3)_translation          circ
    1.1e-09   34.1   4.0    5.3e-05   18.8   0.3    3.8  4  ETS_Han_Shandong_c311_-_ORF_22_(frame_2)_translation       circ
    1.1e-09   34.1   4.0    5.3e-05   18.8   0.3    3.8  4  ETS_Han_Shandong_c311_-_ORF_26_(frame_3)_translation       circ
    1.5e-09   33.7   0.4    2.7e-08   29.5   0.4    2.1  1  EAF_Carc_IR2_c381_-_ORF_3_(frame_1)_translation            circ
    2.4e-09   33.0   7.0    2.2e-05   20.0   0.2    3.8  3  ETS_Han_Shandong_c250_-_ORF_17_(frame_1)_translation       circ
    2.4e-09   33.0   7.0    2.2e-05   20.0   0.2    3.8  3  ETS_Han_Shandong_c250_-_ORF_22_(frame_3)_translation       circ
    1.3e-08   30.6   4.7    1.7e-07   26.9   0.2    2.9  2  ETS_Han_JilinP_c1264_-_ORF_1_(frame_1)_translation         circ reverseComp
    1.3e-08   30.6   4.7    1.7e-07   26.9   0.2    2.9  2  ETS_Han_JilinP_c1264_-_ORF_4_(frame_2)_translation         circ reverseComp
    2.4e-08   29.7   7.5    0.00012   17.7   1.0    4.1  2  NW_Brin_undilC_c444_-_ORF_1_(frame_1)_translation          circ reverseComp
    2.4e-08   29.7   7.5    0.00012   17.7   1.0    4.1  2  NW_Brin_undilC_c444_-_ORF_2_(frame_3)_translation          circ reverseComp
    5.2e-08   28.6   0.6    5.2e-08   28.6   0.6    3.7  3  NW_Brin_100A_c447_-_ORF_2_(frame_3)_translation            circ reverseComp
    5.4e-08   28.6   6.0    2.1e-07   26.6   0.9    3.3  3  ETS_Han_JilinP_c1594_-_ORF_3_(frame_1)_translation         circ
    5.4e-08   28.6   6.0    2.1e-07   26.6   0.9    3.3  3  ETS_Han_JilinP_c1594_-_ORF_4_(frame_3)_translation         circ
    5.8e-08   28.5   1.9    5.3e-05   18.8   0.0    3.8  4  EAF_Carc_SvL2_c87_-_ORF_1_(frame_1)_translation            circ
    7.8e-08   28.1   4.5      0.002   13.7   0.7    3.5  2  EAF_Colo_Milan_c541_-_ORF_4_(frame_2)_translation          circ
    7.8e-08   28.1   4.5      0.002   13.7   0.7    3.5  2  EAF_Colo_Milan_c541_-_ORF_5_(frame_3)_translation          circ
    1.1e-07   27.5   6.1      0.055    8.9   1.3    4.0  4  EAF_Colo_Milan_c318_-_ORF_1_(frame_1)_translation          circ reverseComp
    1.6e-07   27.0   2.5      0.001   14.6   0.0    3.0  3  ETS_Han_JilinP_c1352_-_ORF_1_(frame_1)_translation         circ reverseComp
    1.7e-07   26.9   2.5      0.001   14.6   0.0    3.0  3  ETS_Han_JilinP_c1352_-_ORF_8_(frame_3)_translation         circ reverseComp
    6.8e-07   25.0   1.3    1.5e-05   20.6   0.0    2.7  3  ETS_Han_JilinP_c112_-_ORF_9_(frame_2)_translation          circ
    1.5e-06   23.9   0.3     0.0045   12.5   0.0    2.4  2  EAF_Carc_IR2_c21_-_ORF_6_(frame_1)_translation             circ reverseComp
      2e-06   23.5   1.2    2.9e-05   19.7   0.0    2.7  3  ETS_Han_JilinP_c112_-_ORF_4_(frame_1)_translation          circ
      1e-05   21.1   0.2     0.0067   11.9   0.0    3.2  3  EAF_Colo_Milan_c279_-_ORF_2_(frame_1)_translation          circ reverseComp
      1e-05   21.1   0.2     0.0067   11.9   0.0    3.2  3  EAF_Colo_Milan_c279_-_ORF_5_(frame_2)_translation          circ reverseComp
    1.4e-05   20.7   0.0    1.9e-05   20.3   0.0    1.2  1  ETS_Han_JilinP_c112_-_ORF_10_(frame_2)_translation         circ
    1.4e-05   20.7   0.0    1.9e-05   20.3   0.0    1.2  1  ETS_Han_JilinP_c112_-_ORF_5_(frame_1)_translation          circ
    1.7e-05   20.4   0.3      9e-05   18.0   0.0    1.9  2  ETS_Han_JilinP_c331_-_ORF_15_(frame_3)_translation         circ reverseComp
     0.0013   14.3   0.0      0.034    9.6   0.0    2.3  2  EAF_Carc_SvL1_c113_-_ORF_17_(frame_1)_translation          circ
     0.0013   14.3   0.0      0.034    9.6   0.0    2.3  2  EAF_Carc_SvL1_c113_-_ORF_27_(frame_2)_translation          circ
     0.0013   14.2   0.0      0.013   11.0   0.0    2.5  2  ETS_Han_Shandong_c167_-_ORF_6_(frame_2)_translation        circ reverseComp
     0.0052   12.3   0.4      0.051    9.0   0.3    2.2  2  EAM_Mizu_SRR926399_c1102_-_ORF_1_(frame_1)_translation     circ
     0.0052   12.3   0.4      0.051    9.0   0.3    2.2  2  EAM_Mizu_SRR926399_c1102_-_ORF_5_(frame_2)_translation     circ
